#
# There is insufficient memory for the Java Runtime Environment to continue.
# Native memory allocation (malloc) failed to allocate 870736 bytes. Error detail: Chunk::new
# Possible reasons:
#   The system is out of physical RAM or swap space
#   This process is running with CompressedOops enabled, and the Java Heap may be blocking the growth of the native heap
# Possible solutions:
#   Reduce memory load on the system
#   Increase physical memory or swap space
#   Check if swap backing store is full
#   Decrease Java heap size (-Xmx/-Xms)
#   Decrease number of Java threads
#   Decrease Java thread stack sizes (-Xss)
#   Set larger code cache with -XX:ReservedCodeCacheSize=
#   JVM is running with Unscaled Compressed Oops mode in which the Java heap is
#     placed in the first 4GB address space. The Java Heap base address is the
#     maximum limit for the native heap growth. Please use -XX:HeapBaseMinAddress
#     to set the Java Heap base and to place the Java Heap above 4GB virtual address.
# This output file may be truncated or incomplete.
#
#  Out of Memory Error (arena.cpp:149), pid=5688, tid=21064
#
# JRE version: Java(TM) SE Runtime Environment (23.0.2+7) (build 23.0.2+7-58)
# Java VM: Java HotSpot(TM) 64-Bit Server VM (23.0.2+7-58, mixed mode, sharing, tiered, compressed oops, compressed class ptrs, g1 gc, windows-amd64)
# No core dump will be written. Minidumps are not enabled by default on client versions of Windows
#

---------------  S U M M A R Y ------------

Command Line: -Dclassworlds.conf=C:\ProgramData\chocolatey\lib\maven\apache-maven-3.9.9\bin\m2.conf -Dmaven.home=C:\ProgramData\chocolatey\lib\maven\apache-maven-3.9.9 -Dlibrary.jansi.path=C:\ProgramData\chocolatey\lib\maven\apache-maven-3.9.9\lib\jansi-native -Dmaven.multiModuleProjectDirectory=D:\J-SPRING BOOT PROJECT\paypal-clone org.codehaus.plexus.classworlds.launcher.Launcher clean package -DskipTests

Host: AMD Ryzen 5 7520U with Radeon Graphics         , 8 cores, 7G,  Windows 11 , 64 bit Build 26100 (10.0.26100.7019)
Time: Thu Nov 13 19:54:37 2025 India Standard Time elapsed time: 41.018561 seconds (0d 0h 0m 41s)

---------------  T H R E A D  ---------------

Current thread (0x000001ba4102a5c0):  JavaThread "C2 CompilerThread0" daemon [_thread_in_native, id=21064, stack(0x0000007e17c00000,0x0000007e17d00000) (1024K)]


Current CompileTask:
C2:41019 9089       4       java.lang.invoke.MemberName::getMethodOrFieldType (72 bytes)

Stack: [0x0000007e17c00000,0x0000007e17d00000]
Native frames: (J=compiled Java code, j=interpreted, Vv=VM code, C=native code)
V  [jvm.dll+0x6e0b99]  (no source info available)
V  [jvm.dll+0x87e2b3]  (no source info available)
V  [jvm.dll+0x88073e]  (no source info available)
V  [jvm.dll+0x880e13]  (no source info available)
V  [jvm.dll+0x27b006]  (no source info available)
V  [jvm.dll+0xbc06f]  (no source info available)
V  [jvm.dll+0xbc2cb]  (no source info available)
V  [jvm.dll+0x2eea6d]  (no source info available)
V  [jvm.dll+0x606669]  (no source info available)
V  [jvm.dll+0x24def2]  (no source info available)
V  [jvm.dll+0x24e2d5]  (no source info available)
V  [jvm.dll+0x246c54]  (no source info available)
V  [jvm.dll+0x243e04]  (no source info available)
V  [jvm.dll+0x1c34b0]  (no source info available)
V  [jvm.dll+0x253df1]  (no source info available)
V  [jvm.dll+0x2520aa]  (no source info available)
V  [jvm.dll+0x3ee226]  (no source info available)
V  [jvm.dll+0x8254cb]  (no source info available)
V  [jvm.dll+0x6df345]  (no source info available)
C  [ucrtbase.dll+0x37b0]  (no source info available)
C  [KERNEL32.DLL+0x2e8d7]  (no source info available)
C  [ntdll.dll+0x8c53c]  (no source info available)

Lock stack of current Java thread (top to bottom):


---------------  P R O C E S S  ---------------

Threads class SMR info:
_java_thread_list=0x000001ba689a6c50, length=13, elements={
0x000001ba449c7910, 0x000001ba63318710, 0x000001ba6331bdf0, 0x000001ba63323130,
0x000001ba41018090, 0x000001ba63327060, 0x000001ba63325620, 0x000001ba4102a5c0,
0x000001ba4102b2d0, 0x000001ba633269d0, 0x000001ba63323be0, 0x000001ba63325cb0,
0x000001ba68256b90
}

Java Threads: ( => current thread )
  0x000001ba449c7910 JavaThread "main"                              [_thread_in_Java, id=11528, stack(0x0000007e16e00000,0x0000007e16f00000) (1024K)]
  0x000001ba63318710 JavaThread "Reference Handler"          daemon [_thread_blocked, id=14780, stack(0x0000007e17600000,0x0000007e17700000) (1024K)]
  0x000001ba6331bdf0 JavaThread "Finalizer"                  daemon [_thread_blocked, id=5128, stack(0x0000007e17700000,0x0000007e17800000) (1024K)]
  0x000001ba63323130 JavaThread "Signal Dispatcher"          daemon [_thread_blocked, id=24880, stack(0x0000007e17800000,0x0000007e17900000) (1024K)]
  0x000001ba41018090 JavaThread "Attach Listener"            daemon [_thread_blocked, id=24028, stack(0x0000007e17900000,0x0000007e17a00000) (1024K)]
  0x000001ba63327060 JavaThread "Service Thread"             daemon [_thread_blocked, id=17492, stack(0x0000007e17a00000,0x0000007e17b00000) (1024K)]
  0x000001ba63325620 JavaThread "Monitor Deflation Thread"   daemon [_thread_blocked, id=27596, stack(0x0000007e17b00000,0x0000007e17c00000) (1024K)]
=>0x000001ba4102a5c0 JavaThread "C2 CompilerThread0"         daemon [_thread_in_native, id=21064, stack(0x0000007e17c00000,0x0000007e17d00000) (1024K)]
  0x000001ba4102b2d0 JavaThread "C1 CompilerThread0"         daemon [_thread_in_native, id=25056, stack(0x0000007e17d00000,0x0000007e17e00000) (1024K)]
  0x000001ba633269d0 JavaThread "Notification Thread"        daemon [_thread_blocked, id=9324, stack(0x0000007e17e00000,0x0000007e17f00000) (1024K)]
  0x000001ba63323be0 JavaThread "Common-Cleaner"             daemon [_thread_blocked, id=23868, stack(0x0000007e17f00000,0x0000007e18000000) (1024K)]
  0x000001ba63325cb0 JavaThread "Thread-1"                   daemon [_thread_blocked, id=25692, stack(0x0000007e18700000,0x0000007e18800000) (1024K)]
  0x000001ba68256b90 JavaThread "C2 CompilerThread1"         daemon [_thread_blocked, id=7868, stack(0x0000007e18900000,0x0000007e18a00000) (1024K)]
Total: 13

Other Threads:
  0x000001ba632fc5c0 VMThread "VM Thread"                           [id=14608, stack(0x0000007e17500000,0x0000007e17600000) (1024K)]
  0x000001ba632ea590 WatcherThread "VM Periodic Task Thread"        [id=27352, stack(0x0000007e17400000,0x0000007e17500000) (1024K)]
  0x000001ba46e7f4d0 WorkerThread "GC Thread#0"                     [id=28356, stack(0x0000007e16f00000,0x0000007e17000000) (1024K)]
  0x000001ba41f48980 WorkerThread "GC Thread#1"                     [id=14468, stack(0x0000007e18000000,0x0000007e18100000) (1024K)]
  0x000001ba41f49d50 WorkerThread "GC Thread#2"                     [id=3632, stack(0x0000007e18100000,0x0000007e18200000) (1024K)]
  0x000001ba420a4da0 WorkerThread "GC Thread#3"                     [id=27476, stack(0x0000007e18200000,0x0000007e18300000) (1024K)]
  0x000001ba420a5150 WorkerThread "GC Thread#4"                     [id=22768, stack(0x0000007e18300000,0x0000007e18400000) (1024K)]
  0x000001ba420a5500 WorkerThread "GC Thread#5"                     [id=23872, stack(0x0000007e18400000,0x0000007e18500000) (1024K)]
  0x000001ba420a98c0 WorkerThread "GC Thread#6"                     [id=13392, stack(0x0000007e18500000,0x0000007e18600000) (1024K)]
  0x000001ba420ba090 WorkerThread "GC Thread#7"                     [id=1772, stack(0x0000007e18600000,0x0000007e18700000) (1024K)]
  0x000001ba46eac200 ConcurrentGCThread "G1 Main Marker"            [id=23520, stack(0x0000007e17000000,0x0000007e17100000) (1024K)]
  0x000001ba46ead4b0 WorkerThread "G1 Conc#0"                       [id=19964, stack(0x0000007e17100000,0x0000007e17200000) (1024K)]
  0x000001ba41b46fe0 WorkerThread "G1 Conc#1"                       [id=10884, stack(0x0000007e18800000,0x0000007e18900000) (1024K)]
  0x000001ba46eee6b0 ConcurrentGCThread "G1 Refine#0"               [id=23184, stack(0x0000007e17200000,0x0000007e17300000) (1024K)]
  0x000001ba631b81c0 ConcurrentGCThread "G1 Service"                [id=14504, stack(0x0000007e17300000,0x0000007e17400000) (1024K)]
Total: 15

Threads with active compile tasks:
C2 CompilerThread0  54741 9089       4       java.lang.invoke.MemberName::getMethodOrFieldType (72 bytes)
C1 CompilerThread0  54741 9117       3       sun.security.provider.ByteArrayAccess::b2iBig64 (231 bytes)
Total: 2

VM state: not at safepoint (normal execution)

VM Mutex/Monitor currently owned by a thread: None

Heap address: 0x000000008c200000, size: 1854 MB, Compressed Oops mode: 32-bit

CDS archive(s) mapped at: [0x000001ba00000000-0x000001ba00d70000-0x000001ba00d70000), size 14090240, SharedBaseAddress: 0x000001ba00000000, ArchiveRelocationMode: 1.
Compressed class space mapped at: 0x000001ba01000000-0x000001ba41000000, reserved size: 1073741824
Narrow klass base: 0x000001ba00000000, Narrow klass shift: 0, Narrow klass range: 0x41000000

GC Precious Log:
 CardTable entry size: 512
 Card Set container configuration: InlinePtr #cards 5 size 8 Array Of Cards #cards 10 size 36 Howl #buckets 4 coarsen threshold 1843 Howl Bitmap #cards 512 size 80 coarsen threshold 460 Card regions per heap region 1 cards per card region 2048
 CPUs: 8 total, 8 available
 Memory: 7413M
 Large Page Support: Disabled
 NUMA Support: Disabled
 Compressed Oops: Enabled (32-bit)
 Heap Region Size: 1M
 Heap Min Capacity: 8M
 Heap Initial Capacity: 116M
 Heap Max Capacity: 1854M
 Pre-touch: Disabled
 Parallel Workers: 8
 Concurrent Workers: 2
 Concurrent Refinement Workers: 8
 Periodic GC: Disabled

Heap:
 garbage-first heap   total reserved 1898496K, committed 120832K, used 71143K [0x000000008c200000, 0x0000000100000000)
  region size 1024K, 23 young (23552K), 4 survivors (4096K)
 Metaspace       used 36901K, committed 37504K, reserved 1114112K
  class space    used 4327K, committed 4608K, reserved 1048576K

Heap Regions: E=young(eden), S=young(survivor), O=old, HS=humongous(starts), HC=humongous(continues), CS=collection set, F=free, TAMS=top-at-mark-start, PB=parsable bottom
|   0|0x000000008c200000, 0x000000008c300000, 0x000000008c300000|100%| O|  |TAMS 0x000000008c200000| PB 0x000000008c200000| Untracked |  0
|   1|0x000000008c300000, 0x000000008c400000, 0x000000008c400000|100%| O|  |TAMS 0x000000008c300000| PB 0x000000008c300000| Untracked |  0
|   2|0x000000008c400000, 0x000000008c500000, 0x000000008c500000|100%| O|  |TAMS 0x000000008c400000| PB 0x000000008c400000| Untracked |  0
|   3|0x000000008c500000, 0x000000008c600000, 0x000000008c600000|100%| O|  |TAMS 0x000000008c500000| PB 0x000000008c500000| Untracked |  0
|   4|0x000000008c600000, 0x000000008c700000, 0x000000008c700000|100%| O|  |TAMS 0x000000008c600000| PB 0x000000008c600000| Untracked |  0
|   5|0x000000008c700000, 0x000000008c800000, 0x000000008c800000|100%| O|  |TAMS 0x000000008c700000| PB 0x000000008c700000| Untracked |  0
|   6|0x000000008c800000, 0x000000008c900000, 0x000000008c900000|100%| O|  |TAMS 0x000000008c800000| PB 0x000000008c800000| Untracked |  0
|   7|0x000000008c900000, 0x000000008ca00000, 0x000000008ca00000|100%| O|  |TAMS 0x000000008c900000| PB 0x000000008c900000| Untracked |  0
|   8|0x000000008ca00000, 0x000000008cb00000, 0x000000008cb00000|100%| O|  |TAMS 0x000000008ca00000| PB 0x000000008ca00000| Untracked |  0
|   9|0x000000008cb00000, 0x000000008cc00000, 0x000000008cc00000|100%| O|  |TAMS 0x000000008cb00000| PB 0x000000008cb00000| Untracked |  0
|  10|0x000000008cc00000, 0x000000008cd00000, 0x000000008cd00000|100%| O|  |TAMS 0x000000008cc00000| PB 0x000000008cc00000| Untracked |  0
|  11|0x000000008cd00000, 0x000000008ce00000, 0x000000008ce00000|100%| O|  |TAMS 0x000000008cd00000| PB 0x000000008cd00000| Untracked |  0
|  12|0x000000008ce00000, 0x000000008cf00000, 0x000000008cf00000|100%| O|  |TAMS 0x000000008ce00000| PB 0x000000008ce00000| Untracked |  0
|  13|0x000000008cf00000, 0x000000008cf00000, 0x000000008d000000|  0%| F|  |TAMS 0x000000008cf00000| PB 0x000000008cf00000| Untracked |  0
|  14|0x000000008d000000, 0x000000008d100000, 0x000000008d100000|100%|HS|  |TAMS 0x000000008d000000| PB 0x000000008d000000| Complete |  0
|  15|0x000000008d100000, 0x000000008d200000, 0x000000008d200000|100%|HC|  |TAMS 0x000000008d100000| PB 0x000000008d100000| Complete |  0
|  16|0x000000008d200000, 0x000000008d300000, 0x000000008d300000|100%| O|  |TAMS 0x000000008d200000| PB 0x000000008d200000| Untracked |  0
|  17|0x000000008d300000, 0x000000008d400000, 0x000000008d400000|100%| O|  |TAMS 0x000000008d300000| PB 0x000000008d300000| Untracked |  0
|  18|0x000000008d400000, 0x000000008d500000, 0x000000008d500000|100%| O|  |TAMS 0x000000008d400000| PB 0x000000008d400000| Untracked |  0
|  19|0x000000008d500000, 0x000000008d600000, 0x000000008d600000|100%| O|  |TAMS 0x000000008d500000| PB 0x000000008d500000| Untracked |  0
|  20|0x000000008d600000, 0x000000008d700000, 0x000000008d700000|100%| O|  |TAMS 0x000000008d600000| PB 0x000000008d600000| Untracked |  0
|  21|0x000000008d700000, 0x000000008d800000, 0x000000008d800000|100%| O|  |TAMS 0x000000008d700000| PB 0x000000008d700000| Untracked |  0
|  22|0x000000008d800000, 0x000000008d900000, 0x000000008d900000|100%| O|  |TAMS 0x000000008d800000| PB 0x000000008d800000| Untracked |  0
|  23|0x000000008d900000, 0x000000008da00000, 0x000000008da00000|100%| O|  |TAMS 0x000000008d900000| PB 0x000000008d900000| Untracked |  0
|  24|0x000000008da00000, 0x000000008db00000, 0x000000008db00000|100%| O|  |TAMS 0x000000008da00000| PB 0x000000008da00000| Untracked |  0
|  25|0x000000008db00000, 0x000000008db00000, 0x000000008dc00000|  0%| F|  |TAMS 0x000000008db00000| PB 0x000000008db00000| Untracked |  0
|  26|0x000000008dc00000, 0x000000008dd00000, 0x000000008dd00000|100%| O|  |TAMS 0x000000008dc00000| PB 0x000000008dc00000| Untracked |  0
|  27|0x000000008dd00000, 0x000000008dd00000, 0x000000008de00000|  0%| F|  |TAMS 0x000000008dd00000| PB 0x000000008dd00000| Untracked |  0
|  28|0x000000008de00000, 0x000000008de00000, 0x000000008df00000|  0%| F|  |TAMS 0x000000008de00000| PB 0x000000008de00000| Untracked |  0
|  29|0x000000008df00000, 0x000000008df00000, 0x000000008e000000|  0%| F|  |TAMS 0x000000008df00000| PB 0x000000008df00000| Untracked |  0
|  30|0x000000008e000000, 0x000000008e000000, 0x000000008e100000|  0%| F|  |TAMS 0x000000008e000000| PB 0x000000008e000000| Untracked |  0
|  31|0x000000008e100000, 0x000000008e200000, 0x000000008e200000|100%|HS|  |TAMS 0x000000008e100000| PB 0x000000008e100000| Complete |  0
|  32|0x000000008e200000, 0x000000008e300000, 0x000000008e300000|100%|HC|  |TAMS 0x000000008e200000| PB 0x000000008e200000| Complete |  0
|  33|0x000000008e300000, 0x000000008e400000, 0x000000008e400000|100%|HS|  |TAMS 0x000000008e300000| PB 0x000000008e300000| Complete |  0
|  34|0x000000008e400000, 0x000000008e500000, 0x000000008e500000|100%|HS|  |TAMS 0x000000008e400000| PB 0x000000008e400000| Complete |  0
|  35|0x000000008e500000, 0x000000008e600000, 0x000000008e600000|100%| O|  |TAMS 0x000000008e500000| PB 0x000000008e500000| Untracked |  0
|  36|0x000000008e600000, 0x000000008e700000, 0x000000008e700000|100%| O|  |TAMS 0x000000008e600000| PB 0x000000008e600000| Untracked |  0
|  37|0x000000008e700000, 0x000000008e800000, 0x000000008e800000|100%| O|  |TAMS 0x000000008e700000| PB 0x000000008e700000| Untracked |  0
|  38|0x000000008e800000, 0x000000008e800000, 0x000000008e900000|  0%| F|  |TAMS 0x000000008e800000| PB 0x000000008e800000| Untracked |  0
|  39|0x000000008e900000, 0x000000008e900000, 0x000000008ea00000|  0%| F|  |TAMS 0x000000008e900000| PB 0x000000008e900000| Untracked |  0
|  40|0x000000008ea00000, 0x000000008ea00000, 0x000000008eb00000|  0%| F|  |TAMS 0x000000008ea00000| PB 0x000000008ea00000| Untracked |  0
|  41|0x000000008eb00000, 0x000000008eb00000, 0x000000008ec00000|  0%| F|  |TAMS 0x000000008eb00000| PB 0x000000008eb00000| Untracked |  0
|  42|0x000000008ec00000, 0x000000008ec00000, 0x000000008ed00000|  0%| F|  |TAMS 0x000000008ec00000| PB 0x000000008ec00000| Untracked |  0
|  43|0x000000008ed00000, 0x000000008ee00000, 0x000000008ee00000|100%| O|  |TAMS 0x000000008ed00000| PB 0x000000008ed00000| Untracked |  0
|  44|0x000000008ee00000, 0x000000008ef00000, 0x000000008ef00000|100%| O|  |TAMS 0x000000008ee00000| PB 0x000000008ee00000| Untracked |  0
|  45|0x000000008ef00000, 0x000000008ef00000, 0x000000008f000000|  0%| F|  |TAMS 0x000000008ef00000| PB 0x000000008ef00000| Untracked |  0
|  46|0x000000008f000000, 0x000000008f000000, 0x000000008f100000|  0%| F|  |TAMS 0x000000008f000000| PB 0x000000008f000000| Untracked |  0
|  47|0x000000008f100000, 0x000000008f100000, 0x000000008f200000|  0%| F|  |TAMS 0x000000008f100000| PB 0x000000008f100000| Untracked |  0
|  48|0x000000008f200000, 0x000000008f200000, 0x000000008f300000|  0%| F|  |TAMS 0x000000008f200000| PB 0x000000008f200000| Untracked |  0
|  49|0x000000008f300000, 0x000000008f300000, 0x000000008f400000|  0%| F|  |TAMS 0x000000008f300000| PB 0x000000008f300000| Untracked |  0
|  50|0x000000008f400000, 0x000000008f500000, 0x000000008f500000|100%| O|  |TAMS 0x000000008f400000| PB 0x000000008f400000| Untracked |  0
|  51|0x000000008f500000, 0x000000008f600000, 0x000000008f600000|100%| O|  |TAMS 0x000000008f500000| PB 0x000000008f500000| Untracked |  0
|  52|0x000000008f600000, 0x000000008f700000, 0x000000008f700000|100%| O|  |TAMS 0x000000008f600000| PB 0x000000008f600000| Untracked |  0
|  53|0x000000008f700000, 0x000000008f800000, 0x000000008f800000|100%| O|  |TAMS 0x000000008f700000| PB 0x000000008f700000| Untracked |  0
|  54|0x000000008f800000, 0x000000008f900000, 0x000000008f900000|100%| O|  |TAMS 0x000000008f800000| PB 0x000000008f800000| Untracked |  0
|  55|0x000000008f900000, 0x000000008fa00000, 0x000000008fa00000|100%| O|  |TAMS 0x000000008f900000| PB 0x000000008f900000| Untracked |  0
|  56|0x000000008fa00000, 0x000000008fb00000, 0x000000008fb00000|100%| O|  |TAMS 0x000000008fa00000| PB 0x000000008fa00000| Untracked |  0
|  57|0x000000008fb00000, 0x000000008fb00000, 0x000000008fc00000|  0%| F|  |TAMS 0x000000008fb00000| PB 0x000000008fb00000| Untracked |  0
|  58|0x000000008fc00000, 0x000000008fc00000, 0x000000008fd00000|  0%| F|  |TAMS 0x000000008fc00000| PB 0x000000008fc00000| Untracked |  0
|  59|0x000000008fd00000, 0x000000008fd00000, 0x000000008fe00000|  0%| F|  |TAMS 0x000000008fd00000| PB 0x000000008fd00000| Untracked |  0
|  60|0x000000008fe00000, 0x000000008fe00000, 0x000000008ff00000|  0%| F|  |TAMS 0x000000008fe00000| PB 0x000000008fe00000| Untracked |  0
|  61|0x000000008ff00000, 0x000000008ff00000, 0x0000000090000000|  0%| F|  |TAMS 0x000000008ff00000| PB 0x000000008ff00000| Untracked |  0
|  62|0x0000000090000000, 0x0000000090000000, 0x0000000090100000|  0%| F|  |TAMS 0x0000000090000000| PB 0x0000000090000000| Untracked |  0
|  63|0x0000000090100000, 0x0000000090100000, 0x0000000090200000|  0%| F|  |TAMS 0x0000000090100000| PB 0x0000000090100000| Untracked |  0
|  64|0x0000000090200000, 0x0000000090200000, 0x0000000090300000|  0%| F|  |TAMS 0x0000000090200000| PB 0x0000000090200000| Untracked |  0
|  65|0x0000000090300000, 0x0000000090300000, 0x0000000090400000|  0%| F|  |TAMS 0x0000000090300000| PB 0x0000000090300000| Untracked |  0
|  66|0x0000000090400000, 0x0000000090400000, 0x0000000090500000|  0%| F|  |TAMS 0x0000000090400000| PB 0x0000000090400000| Untracked |  0
|  67|0x0000000090500000, 0x0000000090500000, 0x0000000090600000|  0%| F|  |TAMS 0x0000000090500000| PB 0x0000000090500000| Untracked |  0
|  68|0x0000000090600000, 0x0000000090600000, 0x0000000090700000|  0%| F|  |TAMS 0x0000000090600000| PB 0x0000000090600000| Untracked |  0
|  69|0x0000000090700000, 0x0000000090700000, 0x0000000090800000|  0%| F|  |TAMS 0x0000000090700000| PB 0x0000000090700000| Untracked |  0
|  70|0x0000000090800000, 0x0000000090800000, 0x0000000090900000|  0%| F|  |TAMS 0x0000000090800000| PB 0x0000000090800000| Untracked |  0
|  71|0x0000000090900000, 0x0000000090900000, 0x0000000090a00000|  0%| F|  |TAMS 0x0000000090900000| PB 0x0000000090900000| Untracked |  0
|  72|0x0000000090a00000, 0x0000000090a00000, 0x0000000090b00000|  0%| F|  |TAMS 0x0000000090a00000| PB 0x0000000090a00000| Untracked |  0
|  73|0x0000000090b00000, 0x0000000090b00000, 0x0000000090c00000|  0%| F|  |TAMS 0x0000000090b00000| PB 0x0000000090b00000| Untracked |  0
|  74|0x0000000090c00000, 0x0000000090c00000, 0x0000000090d00000|  0%| F|  |TAMS 0x0000000090c00000| PB 0x0000000090c00000| Untracked |  0
|  75|0x0000000090d00000, 0x0000000090d00000, 0x0000000090e00000|  0%| F|  |TAMS 0x0000000090d00000| PB 0x0000000090d00000| Untracked |  0
|  76|0x0000000090e00000, 0x0000000090e00000, 0x0000000090f00000|  0%| F|  |TAMS 0x0000000090e00000| PB 0x0000000090e00000| Untracked |  0
|  77|0x0000000090f00000, 0x0000000090f00000, 0x0000000091000000|  0%| F|  |TAMS 0x0000000090f00000| PB 0x0000000090f00000| Untracked |  0
|  78|0x0000000091000000, 0x0000000091000000, 0x0000000091100000|  0%| F|  |TAMS 0x0000000091000000| PB 0x0000000091000000| Untracked |  0
|  79|0x0000000091100000, 0x0000000091100000, 0x0000000091200000|  0%| F|  |TAMS 0x0000000091100000| PB 0x0000000091100000| Untracked |  0
|  80|0x0000000091200000, 0x0000000091200000, 0x0000000091300000|  0%| F|  |TAMS 0x0000000091200000| PB 0x0000000091200000| Untracked |  0
|  81|0x0000000091300000, 0x0000000091300000, 0x0000000091400000|  0%| F|  |TAMS 0x0000000091300000| PB 0x0000000091300000| Untracked |  0
|  82|0x0000000091400000, 0x0000000091400000, 0x0000000091500000|  0%| F|  |TAMS 0x0000000091400000| PB 0x0000000091400000| Untracked |  0
|  83|0x0000000091500000, 0x0000000091500000, 0x0000000091600000|  0%| F|  |TAMS 0x0000000091500000| PB 0x0000000091500000| Untracked |  0
|  84|0x0000000091600000, 0x0000000091600000, 0x0000000091700000|  0%| F|  |TAMS 0x0000000091600000| PB 0x0000000091600000| Untracked |  0
|  85|0x0000000091700000, 0x0000000091700000, 0x0000000091800000|  0%| F|  |TAMS 0x0000000091700000| PB 0x0000000091700000| Untracked |  0
|  86|0x0000000091800000, 0x0000000091800000, 0x0000000091900000|  0%| F|  |TAMS 0x0000000091800000| PB 0x0000000091800000| Untracked |  0
|  87|0x0000000091900000, 0x0000000091900000, 0x0000000091a00000|  0%| F|  |TAMS 0x0000000091900000| PB 0x0000000091900000| Untracked |  0
|  88|0x0000000091a00000, 0x0000000091b00000, 0x0000000091b00000|100%| E|  |TAMS 0x0000000091a00000| PB 0x0000000091a00000| Complete |  0
|  89|0x0000000091b00000, 0x0000000091c00000, 0x0000000091c00000|100%| E|CS|TAMS 0x0000000091b00000| PB 0x0000000091b00000| Complete |  0
|  90|0x0000000091c00000, 0x0000000091d00000, 0x0000000091d00000|100%| E|CS|TAMS 0x0000000091c00000| PB 0x0000000091c00000| Complete |  0
|  91|0x0000000091d00000, 0x0000000091e00000, 0x0000000091e00000|100%| E|CS|TAMS 0x0000000091d00000| PB 0x0000000091d00000| Complete |  0
|  92|0x0000000091e00000, 0x0000000091f00000, 0x0000000091f00000|100%| E|CS|TAMS 0x0000000091e00000| PB 0x0000000091e00000| Complete |  0
|  93|0x0000000091f00000, 0x0000000092000000, 0x0000000092000000|100%| E|CS|TAMS 0x0000000091f00000| PB 0x0000000091f00000| Complete |  0
|  94|0x0000000092000000, 0x0000000092100000, 0x0000000092100000|100%| E|CS|TAMS 0x0000000092000000| PB 0x0000000092000000| Complete |  0
|  95|0x0000000092100000, 0x0000000092200000, 0x0000000092200000|100%| E|CS|TAMS 0x0000000092100000| PB 0x0000000092100000| Complete |  0
|  96|0x0000000092200000, 0x0000000092300000, 0x0000000092300000|100%| E|CS|TAMS 0x0000000092200000| PB 0x0000000092200000| Complete |  0
|  97|0x0000000092300000, 0x0000000092400000, 0x0000000092400000|100%| E|CS|TAMS 0x0000000092300000| PB 0x0000000092300000| Complete |  0
|  98|0x0000000092400000, 0x0000000092500000, 0x0000000092500000|100%| E|CS|TAMS 0x0000000092400000| PB 0x0000000092400000| Complete |  0
|  99|0x0000000092500000, 0x0000000092600000, 0x0000000092600000|100%| E|CS|TAMS 0x0000000092500000| PB 0x0000000092500000| Complete |  0
| 100|0x0000000092600000, 0x0000000092700000, 0x0000000092700000|100%| E|CS|TAMS 0x0000000092600000| PB 0x0000000092600000| Complete |  0
| 101|0x0000000092700000, 0x0000000092800000, 0x0000000092800000|100%| S|CS|TAMS 0x0000000092700000| PB 0x0000000092700000| Complete |  0
| 102|0x0000000092800000, 0x0000000092900000, 0x0000000092900000|100%| S|CS|TAMS 0x0000000092800000| PB 0x0000000092800000| Complete |  0
| 103|0x0000000092900000, 0x0000000092a00000, 0x0000000092a00000|100%| S|CS|TAMS 0x0000000092900000| PB 0x0000000092900000| Complete |  0
| 104|0x0000000092a00000, 0x0000000092b00000, 0x0000000092b00000|100%| S|CS|TAMS 0x0000000092a00000| PB 0x0000000092a00000| Complete |  0
| 110|0x0000000093000000, 0x0000000093100000, 0x0000000093100000|100%| E|CS|TAMS 0x0000000093000000| PB 0x0000000093000000| Complete |  0
| 111|0x0000000093100000, 0x0000000093200000, 0x0000000093200000|100%| E|CS|TAMS 0x0000000093100000| PB 0x0000000093100000| Complete |  0
| 115|0x0000000093500000, 0x0000000093600000, 0x0000000093600000|100%| E|CS|TAMS 0x0000000093500000| PB 0x0000000093500000| Complete |  0
|1844|0x00000000ff600000, 0x00000000ff679f00, 0x00000000ff700000| 47%| O|  |TAMS 0x00000000ff600000| PB 0x00000000ff600000| Untracked |  0
|1845|0x00000000ff700000, 0x00000000ff800000, 0x00000000ff800000|100%| O|  |TAMS 0x00000000ff700000| PB 0x00000000ff700000| Untracked |  0
|1846|0x00000000ff800000, 0x00000000ff900000, 0x00000000ff900000|100%| O|  |TAMS 0x00000000ff800000| PB 0x00000000ff800000| Untracked |  0
|1847|0x00000000ff900000, 0x00000000ffa00000, 0x00000000ffa00000|100%| O|  |TAMS 0x00000000ff900000| PB 0x00000000ff900000| Untracked |  0
|1848|0x00000000ffa00000, 0x00000000ffb00000, 0x00000000ffb00000|100%| O|  |TAMS 0x00000000ffa00000| PB 0x00000000ffa00000| Untracked |  0
|1849|0x00000000ffb00000, 0x00000000ffc00000, 0x00000000ffc00000|100%| O|  |TAMS 0x00000000ffb00000| PB 0x00000000ffb00000| Untracked |  0
|1850|0x00000000ffc00000, 0x00000000ffd00000, 0x00000000ffd00000|100%| O|  |TAMS 0x00000000ffc00000| PB 0x00000000ffc00000| Untracked |  0
|1851|0x00000000ffd00000, 0x00000000ffe00000, 0x00000000ffe00000|100%| E|CS|TAMS 0x00000000ffd00000| PB 0x00000000ffd00000| Complete |  0
|1852|0x00000000ffe00000, 0x00000000fff00000, 0x00000000fff00000|100%| E|CS|TAMS 0x00000000ffe00000| PB 0x00000000ffe00000| Complete |  0
|1853|0x00000000fff00000, 0x0000000100000000, 0x0000000100000000|100%| E|CS|TAMS 0x00000000fff00000| PB 0x00000000fff00000| Complete |  0

Card table byte_map: [0x000001ba5ec40000,0x000001ba5efe0000] _byte_map_base: 0x000001ba5e7df000

Marking Bits: (CMBitMap*) 0x000001ba46e7fbe0
 Bits: [0x000001ba5efe0000, 0x000001ba60cd8000)

Polling page: 0x000001ba44bf0000

Metaspace:

Usage:
  Non-class:     31.81 MB used.
      Class:      4.23 MB used.
       Both:     36.04 MB used.

Virtual space:
  Non-class space:       64.00 MB reserved,      32.12 MB ( 50%) committed,  1 nodes.
      Class space:        1.00 GB reserved,       4.50 MB ( <1%) committed,  1 nodes.
             Both:        1.06 GB reserved,      36.62 MB (  3%) committed. 

Chunk freelists:
   Non-Class:  14.95 MB
       Class:  11.56 MB
        Both:  26.51 MB

MaxMetaspaceSize: unlimited
CompressedClassSpaceSize: 1.00 GB
Initial GC threshold: 21.00 MB
Current GC threshold: 52.50 MB
CDS: on
 - commit_granule_bytes: 65536.
 - commit_granule_words: 8192.
 - virtual_space_node_default_size: 8388608.
 - enlarge_chunks_in_place: 1.
 - use_allocation_guard: 0.


Internal statistics:

num_allocs_failed_limit: 6.
num_arena_births: 530.
num_arena_deaths: 4.
num_vsnodes_births: 2.
num_vsnodes_deaths: 0.
num_space_committed: 602.
num_space_uncommitted: 8.
num_chunks_returned_to_freelist: 104.
num_chunks_taken_from_freelist: 1893.
num_chunk_merges: 25.
num_chunk_splits: 1329.
num_chunks_enlarged: 1021.
num_inconsistent_stats: 0.

CodeHeap 'non-profiled nmethods': size=120064Kb used=3316Kb max_used=3316Kb free=116747Kb
 bounds [0x000001ba57030000, 0x000001ba57380000, 0x000001ba5e570000]
CodeHeap 'profiled nmethods': size=120000Kb used=12527Kb max_used=13385Kb free=107472Kb
 bounds [0x000001ba4f570000, 0x000001ba50290000, 0x000001ba56aa0000]
CodeHeap 'non-nmethods': size=5696Kb used=1529Kb max_used=1645Kb free=4166Kb
 bounds [0x000001ba56aa0000, 0x000001ba56d10000, 0x000001ba57030000]
CodeCache: size=245760Kb, used=17372Kb, max_used=18346Kb, free=228385Kb
 total_blobs=8354, nmethods=7742, adapters=516, full_count=0
Compilation: enabled, stopped_count=0, restarted_count=0

Compilation events (20 events):
Event: 36.983 Thread 0x000001ba4102b2d0 nmethod 9104 0x000001ba4f939a88 code [0x000001ba4f939bc0, 0x000001ba4f939f78]
Event: 36.987 Thread 0x000001ba4102b2d0 9106   !   3       java.nio.charset.Charset::defaultCharset (52 bytes)
Event: 36.987 Thread 0x000001ba4102b2d0 nmethod 9106 0x000001ba4f939688 code [0x000001ba4f9397a0, 0x000001ba4f9398a8]
Event: 36.988 Thread 0x000001ba4102b2d0 9107       3       sun.security.provider.DigestBase::engineUpdate (176 bytes)
Event: 36.989 Thread 0x000001ba4102b2d0 nmethod 9107 0x000001ba50030188 code [0x000001ba50030380, 0x000001ba50030f48]
Event: 36.989 Thread 0x000001ba4102b2d0 9108       3       java.security.MessageDigest::update (14 bytes)
Event: 36.989 Thread 0x000001ba4102b2d0 nmethod 9108 0x000001ba4f9e4388 code [0x000001ba4f9e44c0, 0x000001ba4f9e4798]
Event: 36.994 Thread 0x000001ba4102b2d0 9109       3       sun.nio.fs.WindowsDirectoryStream$WindowsDirectoryIterator::next (5 bytes)
Event: 36.994 Thread 0x000001ba4102b2d0 nmethod 9109 0x000001ba4f9e4088 code [0x000001ba4f9e41a0, 0x000001ba4f9e42f8]
Event: 36.994 Thread 0x000001ba4102b2d0 9110  s    3       sun.nio.fs.WindowsDirectoryStream$WindowsDirectoryIterator::next (48 bytes)
Event: 36.995 Thread 0x000001ba4102b2d0 nmethod 9110 0x000001ba5002fb88 code [0x000001ba5002fce0, 0x000001ba50030130]
Event: 36.999 Thread 0x000001ba4102b2d0 9112       3       sun.nio.fs.WindowsFileAttributes::fromFindData (127 bytes)
Event: 37.000 Thread 0x000001ba4102b2d0 nmethod 9112 0x000001ba5002f388 code [0x000001ba5002f500, 0x000001ba5002fb10]
Event: 37.005 Thread 0x000001ba4102b2d0 9114   !   3       sun.nio.fs.WindowsDirectoryStream$WindowsDirectoryIterator::acceptEntry (71 bytes)
Event: 37.006 Thread 0x000001ba4102b2d0 nmethod 9114 0x000001ba5002e888 code [0x000001ba5002ea60, 0x000001ba5002f2e0]
Event: 37.006 Thread 0x000001ba4102b2d0 9115       3       sun.nio.fs.WindowsPath$WindowsPathWithAttributes::<init> (23 bytes)
Event: 37.006 Thread 0x000001ba4102b2d0 nmethod 9115 0x000001ba50086688 code [0x000001ba50086800, 0x000001ba50086e58]
Event: 37.011 Thread 0x000001ba4102b2d0 9116       3       java.lang.String::getBytes (15 bytes)
Event: 37.012 Thread 0x000001ba4102b2d0 nmethod 9116 0x000001ba4f9e3c88 code [0x000001ba4f9e3dc0, 0x000001ba4f9e3fd0]
Event: 37.070 Thread 0x000001ba4102b2d0 9117       3       sun.security.provider.ByteArrayAccess::b2iBig64 (231 bytes)

GC Heap History (20 events):
Event: 15.930 GC heap before
{Heap before GC invocations=7 (full 0):
 garbage-first heap   total reserved 1898496K, committed 86016K, used 73588K [0x000000008c200000, 0x0000000100000000)
  region size 1024K, 48 young (49152K), 2 survivors (2048K)
 Metaspace       used 26831K, committed 27264K, reserved 1114112K
  class space    used 3171K, committed 3392K, reserved 1048576K
}
Event: 15.962 GC heap after
{Heap after GC invocations=8 (full 0):
 garbage-first heap   total reserved 1898496K, committed 89088K, used 39370K [0x000000008c200000, 0x0000000100000000)
  region size 1024K, 6 young (6144K), 6 survivors (6144K)
 Metaspace       used 26831K, committed 27264K, reserved 1114112K
  class space    used 3171K, committed 3392K, reserved 1048576K
}
Event: 18.096 GC heap before
{Heap before GC invocations=8 (full 0):
 garbage-first heap   total reserved 1898496K, committed 89088K, used 63946K [0x000000008c200000, 0x0000000100000000)
  region size 1024K, 31 young (31744K), 6 survivors (6144K)
 Metaspace       used 28404K, committed 28800K, reserved 1114112K
  class space    used 3353K, committed 3520K, reserved 1048576K
}
Event: 18.113 GC heap after
{Heap after GC invocations=9 (full 0):
 garbage-first heap   total reserved 1898496K, committed 89088K, used 41405K [0x000000008c200000, 0x0000000100000000)
  region size 1024K, 2 young (2048K), 2 survivors (2048K)
 Metaspace       used 28404K, committed 28800K, reserved 1114112K
  class space    used 3353K, committed 3520K, reserved 1048576K
}
Event: 19.421 GC heap before
{Heap before GC invocations=9 (full 0):
 garbage-first heap   total reserved 1898496K, committed 89088K, used 68029K [0x000000008c200000, 0x0000000100000000)
  region size 1024K, 28 young (28672K), 2 survivors (2048K)
 Metaspace       used 29539K, committed 30080K, reserved 1114112K
  class space    used 3491K, committed 3712K, reserved 1048576K
}
Event: 19.429 GC heap after
{Heap after GC invocations=10 (full 0):
 garbage-first heap   total reserved 1898496K, committed 89088K, used 41886K [0x000000008c200000, 0x0000000100000000)
  region size 1024K, 2 young (2048K), 2 survivors (2048K)
 Metaspace       used 29539K, committed 30080K, reserved 1114112K
  class space    used 3491K, committed 3712K, reserved 1048576K
}
Event: 22.502 GC heap before
{Heap before GC invocations=10 (full 0):
 garbage-first heap   total reserved 1898496K, committed 89088K, used 67486K [0x000000008c200000, 0x0000000100000000)
  region size 1024K, 28 young (28672K), 2 survivors (2048K)
 Metaspace       used 31373K, committed 31872K, reserved 1114112K
  class space    used 3712K, committed 3968K, reserved 1048576K
}
Event: 22.516 GC heap after
{Heap after GC invocations=11 (full 0):
 garbage-first heap   total reserved 1898496K, committed 89088K, used 43318K [0x000000008c200000, 0x0000000100000000)
  region size 1024K, 4 young (4096K), 4 survivors (4096K)
 Metaspace       used 31373K, committed 31872K, reserved 1114112K
  class space    used 3712K, committed 3968K, reserved 1048576K
}
Event: 22.567 GC heap before
{Heap before GC invocations=11 (full 0):
 garbage-first heap   total reserved 1898496K, committed 89088K, used 45366K [0x000000008c200000, 0x0000000100000000)
  region size 1024K, 6 young (6144K), 4 survivors (4096K)
 Metaspace       used 31373K, committed 31872K, reserved 1114112K
  class space    used 3712K, committed 3968K, reserved 1048576K
}
Event: 22.578 GC heap after
{Heap after GC invocations=12 (full 0):
 garbage-first heap   total reserved 1898496K, committed 89088K, used 43500K [0x000000008c200000, 0x0000000100000000)
  region size 1024K, 3 young (3072K), 3 survivors (3072K)
 Metaspace       used 31373K, committed 31872K, reserved 1114112K
  class space    used 3712K, committed 3968K, reserved 1048576K
}
Event: 24.471 GC heap before
{Heap before GC invocations=13 (full 0):
 garbage-first heap   total reserved 1898496K, committed 89088K, used 80364K [0x000000008c200000, 0x0000000100000000)
  region size 1024K, 34 young (34816K), 3 survivors (3072K)
 Metaspace       used 31444K, committed 32000K, reserved 1114112K
  class space    used 3714K, committed 3968K, reserved 1048576K
}
Event: 24.499 GC heap after
{Heap after GC invocations=14 (full 0):
 garbage-first heap   total reserved 1898496K, committed 94208K, used 58314K [0x000000008c200000, 0x0000000100000000)
  region size 1024K, 5 young (5120K), 5 survivors (5120K)
 Metaspace       used 31444K, committed 32000K, reserved 1114112K
  class space    used 3714K, committed 3968K, reserved 1048576K
}
Event: 27.275 GC heap before
{Heap before GC invocations=14 (full 0):
 garbage-first heap   total reserved 1898496K, committed 94208K, used 80842K [0x000000008c200000, 0x0000000100000000)
  region size 1024K, 27 young (27648K), 5 survivors (5120K)
 Metaspace       used 31682K, committed 32192K, reserved 1114112K
  class space    used 3734K, committed 3968K, reserved 1048576K
}
Event: 27.302 GC heap after
{Heap after GC invocations=15 (full 0):
 garbage-first heap   total reserved 1898496K, committed 95232K, used 55808K [0x000000008c200000, 0x0000000100000000)
  region size 1024K, 4 young (4096K), 4 survivors (4096K)
 Metaspace       used 31682K, committed 32192K, reserved 1114112K
  class space    used 3734K, committed 3968K, reserved 1048576K
}
Event: 30.493 GC heap before
{Heap before GC invocations=15 (full 0):
 garbage-first heap   total reserved 1898496K, committed 95232K, used 78336K [0x000000008c200000, 0x0000000100000000)
  region size 1024K, 27 young (27648K), 4 survivors (4096K)
 Metaspace       used 32741K, committed 33216K, reserved 1114112K
  class space    used 3872K, committed 4096K, reserved 1048576K
}
Event: 30.502 GC heap after
{Heap after GC invocations=16 (full 0):
 garbage-first heap   total reserved 1898496K, committed 95232K, used 56667K [0x000000008c200000, 0x0000000100000000)
  region size 1024K, 1 young (1024K), 1 survivors (1024K)
 Metaspace       used 32741K, committed 33216K, reserved 1114112K
  class space    used 3872K, committed 4096K, reserved 1048576K
}
Event: 33.758 GC heap before
{Heap before GC invocations=17 (full 0):
 garbage-first heap   total reserved 1898496K, committed 96256K, used 81243K [0x000000008c200000, 0x0000000100000000)
  region size 1024K, 25 young (25600K), 1 survivors (1024K)
 Metaspace       used 32160K, committed 32768K, reserved 1114112K
  class space    used 3740K, committed 4032K, reserved 1048576K
}
Event: 33.765 GC heap after
{Heap after GC invocations=18 (full 0):
 garbage-first heap   total reserved 1898496K, committed 115712K, used 57935K [0x000000008c200000, 0x0000000100000000)
  region size 1024K, 2 young (2048K), 2 survivors (2048K)
 Metaspace       used 32160K, committed 32768K, reserved 1114112K
  class space    used 3740K, committed 4032K, reserved 1048576K
}
Event: 35.588 GC heap before
{Heap before GC invocations=18 (full 0):
 garbage-first heap   total reserved 1898496K, committed 115712K, used 114255K [0x000000008c200000, 0x0000000100000000)
  region size 1024K, 34 young (34816K), 2 survivors (2048K)
 Metaspace       used 34416K, committed 35008K, reserved 1114112K
  class space    used 4078K, committed 4352K, reserved 1048576K
}
Event: 35.601 GC heap after
{Heap after GC invocations=19 (full 0):
 garbage-first heap   total reserved 1898496K, committed 120832K, used 52711K [0x000000008c200000, 0x0000000100000000)
  region size 1024K, 4 young (4096K), 4 survivors (4096K)
 Metaspace       used 34416K, committed 35008K, reserved 1114112K
  class space    used 4078K, committed 4352K, reserved 1048576K
}

Dll operation events (8 events):
Event: 0.028 Loaded shared library C:\Program Files\Java\jdk-23\bin\java.dll
Event: 0.089 Loaded shared library C:\Program Files\Java\jdk-23\bin\jsvml.dll
Event: 0.123 Loaded shared library C:\Program Files\Java\jdk-23\bin\net.dll
Event: 0.127 Loaded shared library C:\Program Files\Java\jdk-23\bin\nio.dll
Event: 0.134 Loaded shared library C:\Program Files\Java\jdk-23\bin\zip.dll
Event: 0.433 Loaded shared library C:\Program Files\Java\jdk-23\bin\jimage.dll
Event: 0.443 Loaded shared library C:\ProgramData\chocolatey\lib\maven\apache-maven-3.9.9\lib\jansi-native\Windows\x86_64\jansi.dll
Event: 0.481 Loaded shared library C:\Program Files\Java\jdk-23\bin\verify.dll

Deoptimization events (20 events):
Event: 36.466 Thread 0x000001ba449c7910 Uncommon trap: trap_request=0xffffff45 fr.pc=0x000001ba5733f304 relative=0x0000000000000704
Event: 36.466 Thread 0x000001ba449c7910 Uncommon trap: reason=unstable_if action=reinterpret pc=0x000001ba5733f304 method=java.util.HashMap.putVal(ILjava/lang/Object;Ljava/lang/Object;ZZ)Ljava/lang/Object; @ 236 c2
Event: 36.466 Thread 0x000001ba449c7910 DEOPT PACKING pc=0x000001ba5733f304 sp=0x0000007e16efa460
Event: 36.466 Thread 0x000001ba449c7910 DEOPT UNPACKING pc=0x000001ba56af4402 sp=0x0000007e16efa3e8 mode 2
Event: 36.471 Thread 0x000001ba449c7910 Uncommon trap: trap_request=0xffffff45 fr.pc=0x000001ba572838a0 relative=0x00000000000001e0
Event: 36.471 Thread 0x000001ba449c7910 Uncommon trap: reason=unstable_if action=reinterpret pc=0x000001ba572838a0 method=java.time.zone.ZoneRules.getOffsetInfo(Ljava/time/LocalDateTime;)Ljava/lang/Object; @ 5 c2
Event: 36.471 Thread 0x000001ba449c7910 DEOPT PACKING pc=0x000001ba572838a0 sp=0x0000007e16efa2e0
Event: 36.471 Thread 0x000001ba449c7910 DEOPT UNPACKING pc=0x000001ba56af4402 sp=0x0000007e16efa280 mode 2
Event: 36.472 Thread 0x000001ba449c7910 Uncommon trap: trap_request=0xffffff45 fr.pc=0x000001ba570cc3bc relative=0x00000000000000bc
Event: 36.472 Thread 0x000001ba449c7910 Uncommon trap: reason=unstable_if action=reinterpret pc=0x000001ba570cc3bc method=java.lang.ref.SoftReference.get()Ljava/lang/Object; @ 6 c2
Event: 36.472 Thread 0x000001ba449c7910 DEOPT PACKING pc=0x000001ba570cc3bc sp=0x0000007e16efb0b0
Event: 36.472 Thread 0x000001ba449c7910 DEOPT UNPACKING pc=0x000001ba56af4402 sp=0x0000007e16efb068 mode 2
Event: 36.504 Thread 0x000001ba449c7910 Uncommon trap: trap_request=0x00000444 fr.pc=0x000001ba571686ec relative=0x000000000000070c
Event: 36.504 Thread 0x000001ba449c7910 Uncommon trap: reason=unloaded action=reinterpret pc=0x000001ba571686ec method=java.util.regex.Pattern.newSlice([IIZ)Ljava/util/regex/Pattern$Node; @ 68 c2
Event: 36.504 Thread 0x000001ba449c7910 DEOPT PACKING pc=0x000001ba571686ec sp=0x0000007e16ef8e00
Event: 36.504 Thread 0x000001ba449c7910 DEOPT UNPACKING pc=0x000001ba56af4402 sp=0x0000007e16ef8d28 mode 2
Event: 36.641 Thread 0x000001ba449c7910 Uncommon trap: trap_request=0xffffff45 fr.pc=0x000001ba57265218 relative=0x0000000000000178
Event: 36.641 Thread 0x000001ba449c7910 Uncommon trap: reason=unstable_if action=reinterpret pc=0x000001ba57265218 method=java.util.Arrays.equals([B[B)Z @ 34 c2
Event: 36.641 Thread 0x000001ba449c7910 DEOPT PACKING pc=0x000001ba57265218 sp=0x0000007e16efb6f0
Event: 36.642 Thread 0x000001ba449c7910 DEOPT UNPACKING pc=0x000001ba56af4402 sp=0x0000007e16efb6b8 mode 2

Classes loaded (20 events):
Event: 36.803 Loading class javax/net/ssl/KeyManager done
Event: 36.803 Loading class javax/net/ssl/X509KeyManager done
Event: 36.803 Loading class javax/net/ssl/X509ExtendedKeyManager done
Event: 36.803 Loading class sun/security/ssl/SunX509KeyManagerImpl done
Event: 36.804 Loading class java/security/DrbgParameters$NextBytes
Event: 36.804 Loading class java/security/DrbgParameters$NextBytes done
Event: 36.805 Loading class sun/security/provider/AbstractDrbg$SeederHolder
Event: 36.805 Loading class sun/security/provider/AbstractDrbg$SeederHolder done
Event: 36.805 Loading class sun/security/provider/SeedGenerator
Event: 36.806 Loading class sun/security/provider/SeedGenerator done
Event: 36.807 Loading class sun/security/provider/NativeSeedGenerator
Event: 36.807 Loading class sun/security/provider/NativeSeedGenerator done
Event: 36.869 Loading class sun/security/provider/SeedGenerator$1
Event: 36.870 Loading class sun/security/provider/SeedGenerator$1 done
Event: 36.871 Loading class sun/security/provider/ByteArrayAccess
Event: 36.872 Loading class sun/security/provider/ByteArrayAccess done
Event: 36.872 Loading class sun/security/provider/ByteArrayAccess$BE
Event: 36.872 Loading class sun/security/provider/ByteArrayAccess$BE done
Event: 36.957 Loading class java/net/NetworkInterface$1
Event: 36.957 Loading class java/net/NetworkInterface$1 done

Classes unloaded (20 events):
Event: 30.547 Thread 0x000001ba632fc5c0 Unloading class 0x000001ba0134aa10 'lombok/javac/apt/MessagerDiagnosticsReceiver'
Event: 30.547 Thread 0x000001ba632fc5c0 Unloading class 0x000001ba0134a640 'lombok/javac/apt/InterceptingJavaFileManager'
Event: 30.547 Thread 0x000001ba632fc5c0 Unloading class 0x000001ba0134a430 'lombok/permit/dummy/Parent'
Event: 30.547 Thread 0x000001ba632fc5c0 Unloading class 0x000001ba0134a210 'lombok/core/CleanupRegistry'
Event: 30.547 Thread 0x000001ba632fc5c0 Unloading class 0x000001ba0134a000 'lombok/permit/Permit$Fake'
Event: 30.547 Thread 0x000001ba632fc5c0 Unloading class 0x000001ba01349c10 'lombok/permit/Permit'
Event: 30.547 Thread 0x000001ba632fc5c0 Unloading class 0x000001ba01349918 'lombok/javac/apt/LombokProcessor$1'
Event: 30.547 Thread 0x000001ba632fc5c0 Unloading class 0x000001ba01349718 'lombok/core/DiagnosticsReceiver'
Event: 30.547 Thread 0x000001ba632fc5c0 Unloading class 0x000001ba01349478 'lombok/javac/apt/LombokProcessor'
Event: 30.547 Thread 0x000001ba632fc5c0 Unloading class 0x000001ba01349240 'lombok/core/AnnotationProcessor$EcjDescriptor'
Event: 30.547 Thread 0x000001ba632fc5c0 Unloading class 0x000001ba01349000 'lombok/core/AnnotationProcessor$JavacDescriptor'
Event: 30.547 Thread 0x000001ba632fc5c0 Unloading class 0x000001ba01348a88 'lombok/core/AnnotationProcessor$ProcessorDescriptor'
Event: 30.547 Thread 0x000001ba632fc5c0 Unloading class 0x000001ba01348800 'lombok/core/AnnotationProcessor'
Event: 30.547 Thread 0x000001ba632fc5c0 Unloading class 0x000001ba0139c000 'lombok/launch/AnnotationProcessorHider$ClaimingProcessor'
Event: 30.547 Thread 0x000001ba632fc5c0 Unloading class 0x000001ba013484a8 'lombok/launch/AnnotationProcessorHider$AstModificationNotifierData'
Event: 30.547 Thread 0x000001ba632fc5c0 Unloading class 0x000001ba01348220 'lombok/launch/ClassFileMetaData'
Event: 30.547 Thread 0x000001ba632fc5c0 Unloading class 0x000001ba01348000 'lombok/launch/PackageShader'
Event: 30.547 Thread 0x000001ba632fc5c0 Unloading class 0x000001ba01324490 'lombok/launch/ShadowClassLoader'
Event: 30.547 Thread 0x000001ba632fc5c0 Unloading class 0x000001ba01324288 'lombok/launch/Main'
Event: 30.547 Thread 0x000001ba632fc5c0 Unloading class 0x000001ba01324000 'lombok/launch/AnnotationProcessorHider$AnnotationProcessor'

Classes redefined (0 events):
No events

Internal exceptions (20 events):
Event: 30.718 Thread 0x000001ba449c7910 Exception <a 'sun/nio/fs/WindowsException'{0x00000000ffea3308}> (0x00000000ffea3308) 
thrown [s\open\src\hotspot\share\prims\jni.cpp, line 520]
Event: 33.571 Thread 0x000001ba43621490 Exception <a 'java/lang/NoSuchMethodError'{0x0000000090709370}: 'java.lang.Object java.lang.invoke.DirectMethodHandle$Holder.invokeStatic(java.lang.Object, long, java.lang.Object)'> (0x0000000090709370) 
thrown [s\open\src\hotspot\share\interpreter\linkResolver.cpp, line 796]
Event: 33.572 Thread 0x000001ba43621490 Exception <a 'java/lang/NoSuchMethodError'{0x000000009070c760}: 'java.lang.Object java.lang.invoke.DirectMethodHandle$Holder.invokeStaticInit(java.lang.Object, long, java.lang.Object)'> (0x000000009070c760) 
thrown [s\open\src\hotspot\share\interpreter\linkResolver.cpp, line 796]
Event: 33.573 Thread 0x000001ba43621490 Exception <a 'java/lang/NoSuchMethodError'{0x0000000090711c88}: 'java.lang.Object java.lang.invoke.DirectMethodHandle$Holder.newInvokeSpecial(java.lang.Object, long)'> (0x0000000090711c88) 
thrown [s\open\src\hotspot\share\interpreter\linkResolver.cpp, line 796]
Event: 33.579 Thread 0x000001ba43621490 Exception <a 'java/lang/NoSuchMethodError'{0x0000000090716588}: 'long java.lang.invoke.DirectMethodHandle$Holder.invokeInterface(java.lang.Object, java.lang.Object)'> (0x0000000090716588) 
thrown [s\open\src\hotspot\share\interpreter\linkResolver.cpp, line 796]
Event: 33.579 Thread 0x000001ba43621490 Exception <a 'java/lang/NoSuchMethodError'{0x0000000090719a88}: 'long java.lang.invoke.DelegatingMethodHandle$Holder.reinvoke_L(java.lang.Object, java.lang.Object)'> (0x0000000090719a88) 
thrown [s\open\src\hotspot\share\interpreter\linkResolver.cpp, line 796]
Event: 35.359 Thread 0x000001ba43622840 Implicit null exception at 0x000001ba571ef698 to 0x000001ba571ef758
Event: 35.360 Thread 0x000001ba43623560 Implicit null exception at 0x000001ba571cab0c to 0x000001ba571cabcc
Event: 35.360 Thread 0x000001ba43622840 Implicit null exception at 0x000001ba570a3773 to 0x000001ba570a3d30
Event: 35.360 Thread 0x000001ba43622840 Implicit null exception at 0x000001ba5733e677 to 0x000001ba5733e8ec
Event: 35.361 Thread 0x000001ba43623560 Implicit null exception at 0x000001ba5733e153 to 0x000001ba5733e2ec
Event: 36.342 Thread 0x000001ba449c7910 Exception <a 'sun/nio/fs/WindowsException'{0x00000000923db2d0}> (0x00000000923db2d0) 
thrown [s\open\src\hotspot\share\prims\jni.cpp, line 520]
Event: 36.342 Thread 0x000001ba449c7910 Exception <a 'sun/nio/fs/WindowsException'{0x00000000923db768}> (0x00000000923db768) 
thrown [s\open\src\hotspot\share\prims\jni.cpp, line 520]
Event: 36.345 Thread 0x000001ba449c7910 Exception <a 'sun/nio/fs/WindowsException'{0x00000000923e2aa8}> (0x00000000923e2aa8) 
thrown [s\open\src\hotspot\share\prims\jni.cpp, line 520]
Event: 36.345 Thread 0x000001ba449c7910 Exception <a 'sun/nio/fs/WindowsException'{0x00000000923e2ef8}> (0x00000000923e2ef8) 
thrown [s\open\src\hotspot\share\prims\jni.cpp, line 520]
Event: 36.346 Thread 0x000001ba449c7910 Exception <a 'sun/nio/fs/WindowsException'{0x00000000923e5510}> (0x00000000923e5510) 
thrown [s\open\src\hotspot\share\prims\jni.cpp, line 520]
Event: 36.347 Thread 0x000001ba449c7910 Exception <a 'sun/nio/fs/WindowsException'{0x00000000923e5920}> (0x00000000923e5920) 
thrown [s\open\src\hotspot\share\prims\jni.cpp, line 520]
Event: 36.347 Thread 0x000001ba449c7910 Exception <a 'sun/nio/fs/WindowsException'{0x00000000923e7e90}> (0x00000000923e7e90) 
thrown [s\open\src\hotspot\share\prims\jni.cpp, line 520]
Event: 36.347 Thread 0x000001ba449c7910 Exception <a 'sun/nio/fs/WindowsException'{0x00000000923e8270}> (0x00000000923e8270) 
thrown [s\open\src\hotspot\share\prims\jni.cpp, line 520]
Event: 36.502 Thread 0x000001ba449c7910 Exception <a 'sun/nio/fs/WindowsException'{0x0000000092179b90}> (0x0000000092179b90) 
thrown [s\open\src\hotspot\share\prims\jni.cpp, line 520]

VM Operations (20 events):
Event: 35.270 Executing VM operation: HandshakeAllThreads (Deoptimize)
Event: 35.270 Executing VM operation: HandshakeAllThreads (Deoptimize) done
Event: 35.306 Executing VM operation: HandshakeAllThreads (Deoptimize)
Event: 35.306 Executing VM operation: HandshakeAllThreads (Deoptimize) done
Event: 35.380 Executing VM operation: HandshakeAllThreads (Deoptimize)
Event: 35.380 Executing VM operation: HandshakeAllThreads (Deoptimize) done
Event: 35.382 Executing VM operation: HandshakeAllThreads (Deoptimize)
Event: 35.382 Executing VM operation: HandshakeAllThreads (Deoptimize) done
Event: 35.588 Executing VM operation: G1CollectForAllocation (G1 Evacuation Pause)
Event: 35.601 Executing VM operation: G1CollectForAllocation (G1 Evacuation Pause) done
Event: 36.421 Executing VM operation: HandshakeAllThreads (Deoptimize)
Event: 36.421 Executing VM operation: HandshakeAllThreads (Deoptimize) done
Event: 36.508 Executing VM operation: HandshakeAllThreads (Deoptimize)
Event: 36.508 Executing VM operation: HandshakeAllThreads (Deoptimize) done
Event: 36.649 Executing VM operation: HandshakeAllThreads (Deoptimize)
Event: 36.649 Executing VM operation: HandshakeAllThreads (Deoptimize) done
Event: 36.702 Executing VM operation: HandshakeAllThreads (Deoptimize)
Event: 36.702 Executing VM operation: HandshakeAllThreads (Deoptimize) done
Event: 36.908 Executing VM operation: HandshakeAllThreads (Deoptimize)
Event: 36.908 Executing VM operation: HandshakeAllThreads (Deoptimize) done

Memory protections (0 events):
No events

Nmethod flushes (20 events):
Event: 30.570 Thread 0x000001ba632fc5c0 flushing  nmethod 0x000001ba500dfb88
Event: 30.570 Thread 0x000001ba632fc5c0 flushing  nmethod 0x000001ba500e0f88
Event: 30.570 Thread 0x000001ba632fc5c0 flushing  nmethod 0x000001ba5013f208
Event: 30.570 Thread 0x000001ba632fc5c0 flushing  nmethod 0x000001ba50148408
Event: 30.570 Thread 0x000001ba632fc5c0 flushing  nmethod 0x000001ba50148708
Event: 30.570 Thread 0x000001ba632fc5c0 flushing  nmethod 0x000001ba5017c808
Event: 30.570 Thread 0x000001ba632fc5c0 flushing  nmethod 0x000001ba5017cb08
Event: 30.570 Thread 0x000001ba632fc5c0 flushing  nmethod 0x000001ba50187308
Event: 30.570 Thread 0x000001ba632fc5c0 flushing  nmethod 0x000001ba50187788
Event: 30.570 Thread 0x000001ba632fc5c0 flushing  nmethod 0x000001ba50187f08
Event: 30.570 Thread 0x000001ba632fc5c0 flushing osr nmethod 0x000001ba50188b88
Event: 30.570 Thread 0x000001ba632fc5c0 flushing  nmethod 0x000001ba5018a508
Event: 30.570 Thread 0x000001ba632fc5c0 flushing  nmethod 0x000001ba50198a08
Event: 30.570 Thread 0x000001ba632fc5c0 flushing  nmethod 0x000001ba5019d708
Event: 30.570 Thread 0x000001ba632fc5c0 flushing  nmethod 0x000001ba5019ec08
Event: 30.570 Thread 0x000001ba632fc5c0 flushing  nmethod 0x000001ba501a4c08
Event: 30.570 Thread 0x000001ba632fc5c0 flushing  nmethod 0x000001ba501afc88
Event: 30.570 Thread 0x000001ba632fc5c0 flushing  nmethod 0x000001ba501b0208
Event: 30.570 Thread 0x000001ba632fc5c0 flushing  nmethod 0x000001ba501b5d08
Event: 30.570 Thread 0x000001ba632fc5c0 flushing osr nmethod 0x000001ba50271e08

Events (20 events):
Event: 27.537 Thread 0x000001ba41d66440 Thread exited: 0x000001ba41d66440
Event: 33.509 Thread 0x000001ba449c7910 Thread added: 0x000001ba43621490
Event: 33.581 Thread 0x000001ba43621490 Thread exited: 0x000001ba43621490
Event: 33.900 Thread 0x000001ba4102b2d0 Thread added: 0x000001ba68256b90
Event: 35.359 Thread 0x000001ba449c7910 Thread added: 0x000001ba43622840
Event: 35.360 Thread 0x000001ba449c7910 Thread added: 0x000001ba43623560
Event: 35.360 Thread 0x000001ba449c7910 Thread added: 0x000001ba43623bf0
Event: 35.361 Thread 0x000001ba449c7910 Thread added: 0x000001ba43620e00
Event: 35.362 Thread 0x000001ba449c7910 Thread added: 0x000001ba436269e0
Event: 35.362 Thread 0x000001ba449c7910 Thread added: 0x000001ba43624910
Event: 35.363 Thread 0x000001ba449c7910 Thread added: 0x000001ba43625630
Event: 35.364 Thread 0x000001ba449c7910 Thread added: 0x000001ba43628420
Event: 35.391 Thread 0x000001ba43622840 Thread exited: 0x000001ba43622840
Event: 35.392 Thread 0x000001ba43624910 Thread exited: 0x000001ba43624910
Event: 35.392 Thread 0x000001ba43625630 Thread exited: 0x000001ba43625630
Event: 35.392 Thread 0x000001ba43628420 Thread exited: 0x000001ba43628420
Event: 35.392 Thread 0x000001ba43623560 Thread exited: 0x000001ba43623560
Event: 35.393 Thread 0x000001ba436269e0 Thread exited: 0x000001ba436269e0
Event: 35.393 Thread 0x000001ba43623bf0 Thread exited: 0x000001ba43623bf0
Event: 35.394 Thread 0x000001ba43620e00 Thread exited: 0x000001ba43620e00


Dynamic libraries:
0x00007ff7be870000 - 0x00007ff7be880000 	C:\Program Files\Java\jdk-23\bin\java.exe
0x00007fffe46c0000 - 0x00007fffe4928000 	C:\WINDOWS\SYSTEM32\ntdll.dll
0x00007fffe2460000 - 0x00007fffe2529000 	C:\WINDOWS\System32\KERNEL32.DLL
0x00007fffe1810000 - 0x00007fffe1c08000 	C:\WINDOWS\System32\KERNELBASE.dll
0x00007fffe21c0000 - 0x00007fffe230b000 	C:\WINDOWS\System32\ucrtbase.dll
0x00007fffbad60000 - 0x00007fffbad77000 	C:\Program Files\Java\jdk-23\bin\jli.dll
0x00007fffbd1c0000 - 0x00007fffbd1db000 	C:\Program Files\Java\jdk-23\bin\VCRUNTIME140.dll
0x00007fffe42d0000 - 0x00007fffe4497000 	C:\WINDOWS\System32\USER32.dll
0x00007fffe2020000 - 0x00007fffe2047000 	C:\WINDOWS\System32\win32u.dll
0x00007fffcba10000 - 0x00007fffcbca4000 	C:\WINDOWS\WinSxS\amd64_microsoft.windows.common-controls_6595b64144ccf1df_6.0.26100.7019_none_3e06ffa0e335b8a8\COMCTL32.dll
0x00007fffe4650000 - 0x00007fffe467b000 	C:\WINDOWS\System32\GDI32.dll
0x00007fffe30c0000 - 0x00007fffe3169000 	C:\WINDOWS\System32\msvcrt.dll
0x00007fffe1c10000 - 0x00007fffe1d3c000 	C:\WINDOWS\System32\gdi32full.dll
0x00007fffe1f70000 - 0x00007fffe2013000 	C:\WINDOWS\System32\msvcp_win.dll
0x00007fffe3030000 - 0x00007fffe3061000 	C:\WINDOWS\System32\IMM32.DLL
0x00007fffbd460000 - 0x00007fffbd46c000 	C:\Program Files\Java\jdk-23\bin\vcruntime140_1.dll
0x00007fffb99e0000 - 0x00007fffb9a6e000 	C:\Program Files\Java\jdk-23\bin\msvcp140.dll
0x00007fff24e90000 - 0x00007fff25be0000 	C:\Program Files\Java\jdk-23\bin\server\jvm.dll
0x00007fffe25b0000 - 0x00007fffe2664000 	C:\WINDOWS\System32\ADVAPI32.dll
0x00007fffe45a0000 - 0x00007fffe4646000 	C:\WINDOWS\System32\sechost.dll
0x00007fffe3fa0000 - 0x00007fffe40b8000 	C:\WINDOWS\System32\RPCRT4.dll
0x00007fffe2530000 - 0x00007fffe25a4000 	C:\WINDOWS\System32\WS2_32.dll
0x00007fffdaee0000 - 0x00007fffdaf15000 	C:\WINDOWS\SYSTEM32\WINMM.dll
0x00007fffdaf20000 - 0x00007fffdaf2b000 	C:\WINDOWS\SYSTEM32\VERSION.dll
0x00007fffe1670000 - 0x00007fffe16ce000 	C:\WINDOWS\SYSTEM32\POWRPROF.dll
0x00007fffe15a0000 - 0x00007fffe15b4000 	C:\WINDOWS\SYSTEM32\UMPDC.dll
0x00007fffe05d0000 - 0x00007fffe05eb000 	C:\WINDOWS\SYSTEM32\kernel.appcore.dll
0x00007fffbb1a0000 - 0x00007fffbb1aa000 	C:\Program Files\Java\jdk-23\bin\jimage.dll
0x00007fffd42f0000 - 0x00007fffd4532000 	C:\WINDOWS\SYSTEM32\DBGHELP.DLL
0x00007fffe3c10000 - 0x00007fffe3f9b000 	C:\WINDOWS\System32\combase.dll
0x00007fffe3190000 - 0x00007fffe3267000 	C:\WINDOWS\System32\OLEAUT32.dll
0x00007fffca390000 - 0x00007fffca3cc000 	C:\WINDOWS\SYSTEM32\dbgcore.DLL
0x00007fffe1ec0000 - 0x00007fffe1f65000 	C:\WINDOWS\System32\bcryptPrimitives.dll
0x00007fffba520000 - 0x00007fffba53e000 	C:\Program Files\Java\jdk-23\bin\java.dll
0x00007fffe2680000 - 0x00007fffe2817000 	C:\WINDOWS\System32\ole32.dll
0x00007fffe2820000 - 0x00007fffe2f6f000 	C:\WINDOWS\System32\SHELL32.dll
0x00007fffe2050000 - 0x00007fffe21bb000 	C:\WINDOWS\System32\wintypes.dll
0x00007fffdf430000 - 0x00007fffdfc8d000 	C:\WINDOWS\SYSTEM32\windows.storage.dll
0x00007fffe44a0000 - 0x00007fffe4592000 	C:\WINDOWS\System32\SHCORE.dll
0x00007fffe4260000 - 0x00007fffe42c7000 	C:\WINDOWS\System32\shlwapi.dll
0x00007fffe1730000 - 0x00007fffe1759000 	C:\WINDOWS\SYSTEM32\profapi.dll
0x00007fffb3ba0000 - 0x00007fffb3c77000 	C:\Program Files\Java\jdk-23\bin\jsvml.dll
0x00007fffba4b0000 - 0x00007fffba4c0000 	C:\Program Files\Java\jdk-23\bin\net.dll
0x00007fffe0b40000 - 0x00007fffe0bab000 	C:\WINDOWS\system32\mswsock.dll
0x00007fffb99c0000 - 0x00007fffb99d6000 	C:\Program Files\Java\jdk-23\bin\nio.dll
0x00007fffb99a0000 - 0x00007fffb99b7000 	C:\Program Files\Java\jdk-23\bin\zip.dll
0x00007fffb98e0000 - 0x00007fffb9904000 	C:\ProgramData\chocolatey\lib\maven\apache-maven-3.9.9\lib\jansi-native\Windows\x86_64\jansi.dll
0x00007fffba4a0000 - 0x00007fffba4b0000 	C:\Program Files\Java\jdk-23\bin\verify.dll
0x00007fffe0e00000 - 0x00007fffe0e1b000 	C:\WINDOWS\SYSTEM32\CRYPTSP.dll
0x00007fffe0530000 - 0x00007fffe056a000 	C:\WINDOWS\system32\rsaenh.dll
0x00007fffe0bf0000 - 0x00007fffe0c1b000 	C:\WINDOWS\SYSTEM32\USERENV.dll
0x00007fffe1700000 - 0x00007fffe172a000 	C:\WINDOWS\SYSTEM32\bcrypt.dll
0x00007fffe0e20000 - 0x00007fffe0e2c000 	C:\WINDOWS\SYSTEM32\CRYPTBASE.dll
0x00007fffe0010000 - 0x00007fffe0044000 	C:\WINDOWS\SYSTEM32\IPHLPAPI.DLL
0x00007fffe2f90000 - 0x00007fffe2f9a000 	C:\WINDOWS\System32\NSI.dll

dbghelp: loaded successfully - version: 4.0.5 - missing functions: none
symbol engine: initialized successfully - sym options: 0x614 - pdb path: .;C:\Program Files\Java\jdk-23\bin;C:\WINDOWS\SYSTEM32;C:\WINDOWS\WinSxS\amd64_microsoft.windows.common-controls_6595b64144ccf1df_6.0.26100.7019_none_3e06ffa0e335b8a8;C:\Program Files\Java\jdk-23\bin\server;C:\ProgramData\chocolatey\lib\maven\apache-maven-3.9.9\lib\jansi-native\Windows\x86_64

VM Arguments:
jvm_args: -Dclassworlds.conf=C:\ProgramData\chocolatey\lib\maven\apache-maven-3.9.9\bin\m2.conf -Dmaven.home=C:\ProgramData\chocolatey\lib\maven\apache-maven-3.9.9 -Dlibrary.jansi.path=C:\ProgramData\chocolatey\lib\maven\apache-maven-3.9.9\lib\jansi-native -Dmaven.multiModuleProjectDirectory=D:\J-SPRING BOOT PROJECT\paypal-clone 
java_command: org.codehaus.plexus.classworlds.launcher.Launcher clean package -DskipTests
java_class_path (initial): C:\ProgramData\chocolatey\lib\maven\apache-maven-3.9.9\boot\plexus-classworlds-2.8.0.jar
Launcher Type: SUN_STANDARD

[Global flags]
     intx CICompilerCount                          = 4                                         {product} {ergonomic}
     uint ConcGCThreads                            = 2                                         {product} {ergonomic}
     uint G1ConcRefinementThreads                  = 8                                         {product} {ergonomic}
   size_t G1HeapRegionSize                         = 1048576                                   {product} {ergonomic}
   size_t InitialHeapSize                          = 121634816                                 {product} {ergonomic}
   size_t MarkStackSize                            = 4194304                                   {product} {ergonomic}
   size_t MarkStackSizeMax                         = 536870912                                 {product} {ergonomic}
   size_t MaxHeapSize                              = 1944059904                                {product} {ergonomic}
   size_t MaxNewSize                               = 1166016512                                {product} {ergonomic}
   size_t MinHeapDeltaBytes                        = 1048576                                   {product} {ergonomic}
   size_t MinHeapSize                              = 8388608                                   {product} {ergonomic}
    uintx NonNMethodCodeHeapSize                   = 5832704                                {pd product} {ergonomic}
    uintx NonProfiledCodeHeapSize                  = 122945536                              {pd product} {ergonomic}
    uintx ProfiledCodeHeapSize                     = 122880000                              {pd product} {ergonomic}
    uintx ReservedCodeCacheSize                    = 251658240                              {pd product} {ergonomic}
     bool SegmentedCodeCache                       = true                                      {product} {ergonomic}
   size_t SoftMaxHeapSize                          = 1944059904                             {manageable} {ergonomic}
     bool UseCompressedOops                        = true                           {product lp64_product} {ergonomic}
     bool UseG1GC                                  = true                                      {product} {ergonomic}
     bool UseLargePagesIndividualAllocation        = false                                  {pd product} {ergonomic}

Logging:
Log output configuration:
 #0: stdout all=warning uptime,level,tags foldmultilines=false
 #1: stderr all=off uptime,level,tags foldmultilines=false

Environment Variables:
JAVA_HOME=C:\Program Files\Java\jdk-23
PATH=C:\Program Files\Common Files\Oracle\Java\javapath;C:\Program Files\Python312\Scripts\;C:\Program Files\Python312\;C:\WINDOWS\system32;C:\WINDOWS;C:\WINDOWS\System32\Wbem;C:\WINDOWS\System32\WindowsPowerShell\v1.0\;C:\WINDOWS\System32\OpenSSH\;C:\Users\sajeb\Downloads\mongosh-2.1.5-win32-x64.zip\mongosh-2.1.5-win32-x64\bin;C:\ProgramData\chocolatey\bin;C:\Program Files\MongoDB\Tools\100\bin;C:\Program Files\MongoDB\Server\7.0\bin;C:\Program Files\nodejs\;C:\Program Files\Git\cmd;C:\HashiCorp\Vagrant\bin;C:\ProgramData\chocolatey\lib\maven\apache-maven-3.9.9\bin;C:\Program Files\Amazon\AWSCLIV2\;C:\Program Files\Java\jdk-21\bin;C:\Program Files\Java\jdk-23\bin;C:\Program Files\PuTTY\;C:\Users\sajeb\Downloads\gradle-8.14.3-bin\gradle-8.14.3\bin;;C:\Program Files\Docker\Docker\resources\bin;C:\Program Files\MySQL\MySQL Shell 8.0\bin\;C:\Users\sajeb\AppData\Local\Microsoft\WindowsApps;C:\Users\sajeb\AppData\Local\Programs\Microsoft VS Code\bin;C:\Users\sajeb\AppData\Local\Programs\mongosh\;C:\Users\sajeb\AppData\Roaming\npm;C:\Program Files\Oracle\VirtualBox;C:\msys64\ucrt64\bin;C:\Users\sajeb\AppData\Local\GitHubDesktop\bin;C:\Program Files\JetBrains\IntelliJ IDEA Community Edition 2024.3.1\bin;;C:\Program Files\PostgreSQL\17\bin;C:\Program Files\Java\jdk-24;C:\Program Files\Java\jdk-21\bin;C:\Users\sajeb\AppData\Local\Microsoft\WindowsApps;
USERNAME=sajeb
OS=Windows_NT
PROCESSOR_IDENTIFIER=AMD64 Family 23 Model 160 Stepping 0, AuthenticAMD
TMP=C:\Users\sajeb\AppData\Local\Temp
TEMP=C:\Users\sajeb\AppData\Local\Temp




Periodic native trim disabled

---------------  S Y S T E M  ---------------

OS:
 Windows 11 , 64 bit Build 26100 (10.0.26100.7019)
OS uptime: 1 days 2:15 hours
Hyper-V role detected

CPU: total 8 (initial active 8) (8 cores per cpu, 2 threads per core) family 23 model 160 stepping 0 microcode 0x8a0000a, cx8, cmov, fxsr, ht, mmx, 3dnowpref, sse, sse2, sse3, ssse3, sse4a, sse4.1, sse4.2, popcnt, lzcnt, tsc, tscinvbit, avx, avx2, aes, clmul, bmi1, bmi2, adx, sha, fma, vzeroupper, clflush, clflushopt, hv, rdtscp, rdpid, f16c
Processor Information for the first 8 processors :
  Max Mhz: 2801, Current Mhz: 2483, Mhz Limit: 2801

Memory: 4k page, system-wide physical 7413M (476M free)
TotalPageFile size 29941M (AvailPageFile size 283M)
current process WorkingSet (physical memory assigned to process): 289M, peak: 332M
current process commit charge ("private bytes"): 374M, peak: 395M

vm_info: Java HotSpot(TM) 64-Bit Server VM (23.0.2+7-58) for windows-amd64 JRE (23.0.2+7-58), built on 2024-11-29T09:34:55Z with MS VC++ 17.6 (VS2022)

END.
