#
# There is insufficient memory for the Java Runtime Environment to continue.
# Native memory allocation (malloc) failed to allocate 1048576 bytes. Error detail: AllocateHeap
# Possible reasons:
#   The system is out of physical RAM or swap space
#   This process is running with CompressedOops enabled, and the Java Heap may be blocking the growth of the native heap
# Possible solutions:
#   Reduce memory load on the system
#   Increase physical memory or swap space
#   Check if swap backing store is full
#   Decrease Java heap size (-Xmx/-Xms)
#   Decrease number of Java threads
#   Decrease Java thread stack sizes (-Xss)
#   Set larger code cache with -XX:ReservedCodeCacheSize=
#   JVM is running with Unscaled Compressed Oops mode in which the Java heap is
#     placed in the first 4GB address space. The Java Heap base address is the
#     maximum limit for the native heap growth. Please use -XX:HeapBaseMinAddress
#     to set the Java Heap base and to place the Java Heap above 4GB virtual address.
# This output file may be truncated or incomplete.
#
#  Out of Memory Error (allocation.cpp:44), pid=14956, tid=26836
#
# JRE version:  (23.0.2+7) (build )
# Java VM: Java HotSpot(TM) 64-Bit Server VM (23.0.2+7-58, mixed mode, sharing, tiered, compressed oops, compressed class ptrs, g1 gc, windows-amd64)
# No core dump will be written. Minidumps are not enabled by default on client versions of Windows
#

---------------  S U M M A R Y ------------

Command Line: -Dnet.bytebuddy.agent.attacher.dump= net.bytebuddy.agent.Attacher com.sun.tools.attach.VirtualMachine 21928 C:\Users\sajeb\.m2\repository\net\bytebuddy\byte-buddy-agent\1.17.8\byte-buddy-agent-1.17.8.jar false 

Host: AMD Ryzen 5 7520U with Radeon Graphics         , 8 cores, 7G,  Windows 11 , 64 bit Build 26100 (10.0.26100.7019)
Time: Thu Nov 13 19:52:41 2025 India Standard Time elapsed time: 1.029900 seconds (0d 0h 0m 1s)

---------------  T H R E A D  ---------------

Current thread (0x0000025320c04ea0):  JavaThread "Unknown thread" [_thread_in_vm, id=26836, stack(0x0000009345c00000,0x0000009345d00000) (1024K)]

Stack: [0x0000009345c00000,0x0000009345d00000]
Native frames: (J=compiled Java code, j=interpreted, Vv=VM code, C=native code)
V  [jvm.dll+0x6e0b99]  (no source info available)
V  [jvm.dll+0x87e2b3]  (no source info available)
V  [jvm.dll+0x88073e]  (no source info available)
V  [jvm.dll+0x880e13]  (no source info available)
V  [jvm.dll+0x27b006]  (no source info available)
V  [jvm.dll+0xb6a17]  (no source info available)
V  [jvm.dll+0x3316a5]  (no source info available)
V  [jvm.dll+0x329761]  (no source info available)
V  [jvm.dll+0x8449a5]  (no source info available)
V  [jvm.dll+0x3b9a08]  (no source info available)
V  [jvm.dll+0x82d68c]  (no source info available)
V  [jvm.dll+0x454f2e]  (no source info available)
V  [jvm.dll+0x456db1]  (no source info available)
C  [jli.dll+0x52a3]  (no source info available)
C  [ucrtbase.dll+0x37b0]  (no source info available)
C  [KERNEL32.DLL+0x2e8d7]  (no source info available)
C  [ntdll.dll+0x8c53c]  (no source info available)

Lock stack of current Java thread (top to bottom):


---------------  P R O C E S S  ---------------

Threads class SMR info:
_java_thread_list=0x00007fff25a84618, length=0, elements={
}

Java Threads: ( => current thread )
Total: 0

Other Threads:
  0x000002532304fb30 WorkerThread "GC Thread#0"                     [id=27684, stack(0x0000009345d00000,0x0000009345e00000) (1024K)]

[error occurred during error reporting (printing all threads), id 0xc0000005, EXCEPTION_ACCESS_VIOLATION (0xc0000005) at pc=0x00007fff251c6950]
VM state: not at safepoint (not fully initialized)

VM Mutex/Monitor currently owned by a thread:  ([mutex/lock_event])
[0x00007fff25b04988] Heap_lock - owner thread: 0x0000025320c04ea0

Heap address: 0x000000008c200000, size: 1854 MB, Compressed Oops mode: 32-bit

CDS archive(s) mapped at: [0x0000000000000000-0x0000000000000000-0x0000000000000000), size 0, SharedBaseAddress: 0x0000000800000000, ArchiveRelocationMode: 1.
Narrow klass base: 0x0000000000000000, Narrow klass shift: 0, Narrow klass range: 0x0

GC Precious Log:
 CardTable entry size: 512
 Card Set container configuration: InlinePtr #cards 5 size 8 Array Of Cards #cards 10 size 36 Howl #buckets 4 coarsen threshold 1843 Howl Bitmap #cards 512 size 80 coarsen threshold 460 Card regions per heap region 1 cards per card region 2048

Heap:
 garbage-first heap   total reserved 1898496K, committed 0K, used 0K [0x000000008c200000, 0x0000000100000000)
  region size 1024K, 0 young (0K), 0 survivors (0K)

[error occurred during error reporting (printing heap information), id 0xc0000005, EXCEPTION_ACCESS_VIOLATION (0xc0000005) at pc=0x00007fff255cc6a9]
GC Heap History (0 events):
No events

Dll operation events (1 events):
Event: 0.024 Loaded shared library C:\Program Files\Java\jdk-23\bin\java.dll

Deoptimization events (0 events):
No events

Classes loaded (0 events):
No events

Classes unloaded (0 events):
No events

Classes redefined (0 events):
No events

Internal exceptions (0 events):
No events

VM Operations (0 events):
No events

Memory protections (0 events):
No events

Nmethod flushes (0 events):
No events

Events (0 events):
No events


Dynamic libraries:
0x00007ff6819c0000 - 0x00007ff6819d0000 	C:\Program Files\Java\jdk-23\bin\java.exe
0x00007fffe46c0000 - 0x00007fffe4928000 	C:\WINDOWS\SYSTEM32\ntdll.dll
0x00007fffe2460000 - 0x00007fffe2529000 	C:\WINDOWS\System32\KERNEL32.DLL
0x00007fffe1810000 - 0x00007fffe1c08000 	C:\WINDOWS\System32\KERNELBASE.dll
0x00007fffe21c0000 - 0x00007fffe230b000 	C:\WINDOWS\System32\ucrtbase.dll
0x00007fffbd1c0000 - 0x00007fffbd1db000 	C:\Program Files\Java\jdk-23\bin\VCRUNTIME140.dll
0x00007fffbad60000 - 0x00007fffbad77000 	C:\Program Files\Java\jdk-23\bin\jli.dll
0x00007fffe42d0000 - 0x00007fffe4497000 	C:\WINDOWS\System32\USER32.dll
0x00007fffe2020000 - 0x00007fffe2047000 	C:\WINDOWS\System32\win32u.dll
0x00007fffcba10000 - 0x00007fffcbca4000 	C:\WINDOWS\WinSxS\amd64_microsoft.windows.common-controls_6595b64144ccf1df_6.0.26100.7019_none_3e06ffa0e335b8a8\COMCTL32.dll
0x00007fffe30c0000 - 0x00007fffe3169000 	C:\WINDOWS\System32\msvcrt.dll
0x00007fffe4650000 - 0x00007fffe467b000 	C:\WINDOWS\System32\GDI32.dll
0x00007fffe1c10000 - 0x00007fffe1d3c000 	C:\WINDOWS\System32\gdi32full.dll
0x00007fffe1f70000 - 0x00007fffe2013000 	C:\WINDOWS\System32\msvcp_win.dll
0x00007fffe3030000 - 0x00007fffe3061000 	C:\WINDOWS\System32\IMM32.DLL
0x00007fffbd460000 - 0x00007fffbd46c000 	C:\Program Files\Java\jdk-23\bin\vcruntime140_1.dll
0x00007fffb99e0000 - 0x00007fffb9a6e000 	C:\Program Files\Java\jdk-23\bin\msvcp140.dll
0x00007fff24e90000 - 0x00007fff25be0000 	C:\Program Files\Java\jdk-23\bin\server\jvm.dll
0x00007fffe25b0000 - 0x00007fffe2664000 	C:\WINDOWS\System32\ADVAPI32.dll
0x00007fffe45a0000 - 0x00007fffe4646000 	C:\WINDOWS\System32\sechost.dll
0x00007fffe3fa0000 - 0x00007fffe40b8000 	C:\WINDOWS\System32\RPCRT4.dll
0x00007fffe2530000 - 0x00007fffe25a4000 	C:\WINDOWS\System32\WS2_32.dll
0x00007fffe1670000 - 0x00007fffe16ce000 	C:\WINDOWS\SYSTEM32\POWRPROF.dll
0x00007fffdaee0000 - 0x00007fffdaf15000 	C:\WINDOWS\SYSTEM32\WINMM.dll
0x00007fffdaf20000 - 0x00007fffdaf2b000 	C:\WINDOWS\SYSTEM32\VERSION.dll
0x00007fffe15a0000 - 0x00007fffe15b4000 	C:\WINDOWS\SYSTEM32\UMPDC.dll
0x00007fffe05d0000 - 0x00007fffe05eb000 	C:\WINDOWS\SYSTEM32\kernel.appcore.dll
0x00007fffbb1a0000 - 0x00007fffbb1aa000 	C:\Program Files\Java\jdk-23\bin\jimage.dll
0x00007fffd42f0000 - 0x00007fffd4532000 	C:\WINDOWS\SYSTEM32\DBGHELP.DLL
0x00007fffe3c10000 - 0x00007fffe3f9b000 	C:\WINDOWS\System32\combase.dll
0x00007fffe3190000 - 0x00007fffe3267000 	C:\WINDOWS\System32\OLEAUT32.dll
0x00007fffca390000 - 0x00007fffca3cc000 	C:\WINDOWS\SYSTEM32\dbgcore.DLL
0x00007fffe1ec0000 - 0x00007fffe1f65000 	C:\WINDOWS\System32\bcryptPrimitives.dll
0x00007fffba520000 - 0x00007fffba53e000 	C:\Program Files\Java\jdk-23\bin\java.dll
0x00007fffe2680000 - 0x00007fffe2817000 	C:\WINDOWS\System32\ole32.dll
0x00007fffe2820000 - 0x00007fffe2f6f000 	C:\WINDOWS\System32\SHELL32.dll
0x00007fffe2050000 - 0x00007fffe21bb000 	C:\WINDOWS\System32\wintypes.dll

dbghelp: loaded successfully - version: 4.0.5 - missing functions: none
symbol engine: initialized successfully - sym options: 0x614 - pdb path: .;C:\Program Files\Java\jdk-23\bin;C:\WINDOWS\SYSTEM32;C:\WINDOWS\WinSxS\amd64_microsoft.windows.common-controls_6595b64144ccf1df_6.0.26100.7019_none_3e06ffa0e335b8a8;C:\Program Files\Java\jdk-23\bin\server

VM Arguments:
jvm_args: -Dnet.bytebuddy.agent.attacher.dump= 
java_command: net.bytebuddy.agent.Attacher com.sun.tools.attach.VirtualMachine 21928 C:\Users\sajeb\.m2\repository\net\bytebuddy\byte-buddy-agent\1.17.8\byte-buddy-agent-1.17.8.jar false 
java_class_path (initial): C:\Users\sajeb\.m2\repository\net\bytebuddy\byte-buddy-agent\1.17.8\byte-buddy-agent-1.17.8.jar
Launcher Type: SUN_STANDARD

[Global flags]
     intx CICompilerCount                          = 4                                         {product} {ergonomic}
     uint ConcGCThreads                            = 2                                         {product} {ergonomic}
     uint G1ConcRefinementThreads                  = 8                                         {product} {ergonomic}
   size_t G1HeapRegionSize                         = 1048576                                   {product} {ergonomic}
   size_t InitialHeapSize                          = 121634816                                 {product} {ergonomic}
   size_t MarkStackSize                            = 4194304                                   {product} {ergonomic}
   size_t MarkStackSizeMax                         = 536870912                                 {product} {ergonomic}
   size_t MaxHeapSize                              = 1944059904                                {product} {ergonomic}
   size_t MinHeapDeltaBytes                        = 1048576                                   {product} {ergonomic}
   size_t MinHeapSize                              = 8388608                                   {product} {ergonomic}
    uintx NonNMethodCodeHeapSize                   = 5832704                                {pd product} {ergonomic}
    uintx NonProfiledCodeHeapSize                  = 122945536                              {pd product} {ergonomic}
    uintx ProfiledCodeHeapSize                     = 122880000                              {pd product} {ergonomic}
    uintx ReservedCodeCacheSize                    = 251658240                              {pd product} {ergonomic}
     bool SegmentedCodeCache                       = true                                      {product} {ergonomic}
   size_t SoftMaxHeapSize                          = 1944059904                             {manageable} {ergonomic}
     bool UseCompressedOops                        = true                           {product lp64_product} {ergonomic}
     bool UseG1GC                                  = true                                      {product} {ergonomic}
     bool UseLargePagesIndividualAllocation        = false                                  {pd product} {ergonomic}

Logging:
Log output configuration:
 #0: stdout all=warning uptime,level,tags foldmultilines=false
 #1: stderr all=off uptime,level,tags foldmultilines=false

Environment Variables:
JAVA_HOME=C:\Program Files\Java\jdk-23
PATH=C:\Program Files\Common Files\Oracle\Java\javapath;C:\Program Files\Python312\Scripts\;C:\Program Files\Python312\;C:\WINDOWS\system32;C:\WINDOWS;C:\WINDOWS\System32\Wbem;C:\WINDOWS\System32\WindowsPowerShell\v1.0\;C:\WINDOWS\System32\OpenSSH\;C:\Users\sajeb\Downloads\mongosh-2.1.5-win32-x64.zip\mongosh-2.1.5-win32-x64\bin;C:\ProgramData\chocolatey\bin;C:\Program Files\MongoDB\Tools\100\bin;C:\Program Files\MongoDB\Server\7.0\bin;C:\Program Files\nodejs\;C:\Program Files\Git\cmd;C:\HashiCorp\Vagrant\bin;C:\ProgramData\chocolatey\lib\maven\apache-maven-3.9.9\bin;C:\Program Files\Amazon\AWSCLIV2\;C:\Program Files\Java\jdk-21\bin;C:\Program Files\Java\jdk-23\bin;C:\Program Files\PuTTY\;C:\Users\sajeb\Downloads\gradle-8.14.3-bin\gradle-8.14.3\bin;;C:\Program Files\Docker\Docker\resources\bin;C:\Program Files\MySQL\MySQL Shell 8.0\bin\;C:\Users\sajeb\AppData\Local\Microsoft\WindowsApps;C:\Users\sajeb\AppData\Local\Programs\Microsoft VS Code\bin;C:\Users\sajeb\AppData\Local\Programs\mongosh\;C:\Users\sajeb\AppData\Roaming\npm;C:\Program Files\Oracle\VirtualBox;C:\msys64\ucrt64\bin;C:\Users\sajeb\AppData\Local\GitHubDesktop\bin;C:\Program Files\JetBrains\IntelliJ IDEA Community Edition 2024.3.1\bin;;C:\Program Files\PostgreSQL\17\bin;C:\Program Files\Java\jdk-24;C:\Program Files\Java\jdk-21\bin;C:\Users\sajeb\AppData\Local\Microsoft\WindowsApps;
USERNAME=sajeb
OS=Windows_NT
PROCESSOR_IDENTIFIER=AMD64 Family 23 Model 160 Stepping 0, AuthenticAMD
TMP=C:\Users\sajeb\AppData\Local\Temp
TEMP=C:\Users\sajeb\AppData\Local\Temp




Periodic native trim disabled

---------------  S Y S T E M  ---------------

OS:
 Windows 11 , 64 bit Build 26100 (10.0.26100.7019)
OS uptime: 1 days 2:13 hours
Hyper-V role detected

CPU: total 8 (initial active 8) (8 cores per cpu, 2 threads per core) family 23 model 160 stepping 0 microcode 0x8a0000a, cx8, cmov, fxsr, ht, mmx, 3dnowpref, sse, sse2, sse3, ssse3, sse4a, sse4.1, sse4.2, popcnt, lzcnt, tsc, tscinvbit, avx, avx2, aes, clmul, bmi1, bmi2, adx, sha, fma, vzeroupper, clflush, clflushopt, hv, rdtscp, rdpid, f16c
Processor Information for the first 8 processors :
  Max Mhz: 2801, Current Mhz: 2483, Mhz Limit: 2801

Memory: 4k page, system-wide physical 7413M (943M free)
TotalPageFile size 29941M (AvailPageFile size 9M)
current process WorkingSet (physical memory assigned to process): 13M, peak: 13M
current process commit charge ("private bytes"): 54M, peak: 55M

vm_info: Java HotSpot(TM) 64-Bit Server VM (23.0.2+7-58) for windows-amd64 JRE (23.0.2+7-58), built on 2024-11-29T09:34:55Z with MS VC++ 17.6 (VS2022)

END.
